#
# There is insufficient memory for the Java Runtime Environment to continue.
# Native memory allocation (malloc) failed to allocate 1048576 bytes for AllocateHeap
# Possible reasons:
#   The system is out of physical RAM or swap space
#   In 32 bit mode, the process size limit was hit
# Possible solutions:
#   Reduce memory load on the system
#   Increase physical memory or swap space
#   Check if swap backing store is full
#   Use 64 bit Java on a 64 bit OS
#   Decrease Java heap size (-Xmx/-Xms)
#   Decrease number of Java threads
#   Decrease Java thread stack sizes (-Xss)
#   Set larger code cache with -XX:ReservedCodeCacheSize=
# This output file may be truncated or incomplete.
#
#  Out of Memory Error (memory/allocation.inline.hpp:61), pid=14832, tid=0x0000000000003c6c
#
# JRE version:  (8.0_131-b11) (build )
# Java VM: Java HotSpot(TM) 64-Bit Server VM (25.131-b11 mixed mode windows-amd64 compressed oops)
# Failed to write core dump. Minidumps are not enabled by default on client versions of Windows
#

---------------  T H R E A D  ---------------

Current thread (0x00000000025d5800):  JavaThread "Unknown thread" [_thread_in_vm, id=15468, stack(0x00000000024d0000,0x00000000025d0000)]

Stack: [0x00000000024d0000,0x00000000025d0000]
[error occurred during error reporting (printing stack bounds), id 0xc0000005]

Native frames: (J=compiled Java code, j=interpreted, Vv=VM code, C=native code)


---------------  P R O C E S S  ---------------

Java Threads: ( => current thread )

Other Threads:

=>0x00000000025d5800 (exited) JavaThread "Unknown thread" [_thread_in_vm, id=15468, stack(0x00000000024d0000,0x00000000025d0000)]

VM state:not at safepoint (normal execution)

VM Mutex/Monitor currently owned by a thread: None

Heap:
 PSYoungGen      total 38400K, used 665K [0x00000000d5980000, 0x00000000d8400000, 0x0000000100000000)
  eden space 33280K, 2% used [0x00000000d5980000,0x00000000d5a26670,0x00000000d7a00000)
  from space 5120K, 0% used [0x00000000d7f00000,0x00000000d7f00000,0x00000000d8400000)
  to   space 5120K, 0% used [0x00000000d7a00000,0x00000000d7a00000,0x00000000d7f00000)
 ParOldGen       total 87552K, used 0K [0x0000000080c00000, 0x0000000086180000, 0x00000000d5980000)
  object space 87552K, 0% used [0x0000000080c00000,0x0000000080c00000,0x0000000086180000)
 Metaspace       used 746K, capacity 4480K, committed 4480K, reserved 1056768K
  class space    used 75K, capacity 384K, committed 384K, reserved 1048576K

Card table byte_map: [0x0000000011a90000,0x0000000011e90000] byte_map_base: 0x000000001168a000

Marking Bits: (ParMarkBitMap*) 0x000000005eabc720
 Begin Bits: [0x0000000012940000, 0x0000000014910000)
 End Bits:   [0x0000000014910000, 0x00000000168e0000)

Polling page: 0x0000000000570000

CodeCache: size=245760Kb used=328Kb max_used=328Kb free=245431Kb
 bounds [0x00000000026d0000, 0x0000000002940000, 0x00000000116d0000]
 total_blobs=58 nmethods=0 adapters=38
 compilation: enabled

Compilation events (0 events):
No events

GC Heap History (0 events):
No events

Deoptimization events (0 events):
No events

Internal exceptions (0 events):
No events

Events (10 events):
Event: 0.111 loading class java/lang/Short
Event: 0.111 loading class java/lang/Short done
Event: 0.111 loading class java/lang/Integer
Event: 0.112 loading class java/lang/Integer done
Event: 0.112 loading class java/lang/Long
Event: 0.112 loading class java/lang/Long done
Event: 0.114 loading class java/lang/NullPointerException
Event: 0.115 loading class java/lang/NullPointerException done
Event: 0.115 loading class java/lang/ArithmeticException
Event: 0.115 loading class java/lang/ArithmeticException done


Dynamic libraries:
0x00007ff752be0000 - 0x00007ff752c17000 	C:\Program Files\Java\jre1.8.0_131\bin\javaw.exe
0x00007ff954490000 - 0x00007ff954671000 	C:\WINDOWS\SYSTEM32\ntdll.dll
0x00007ff951cd0000 - 0x00007ff951d81000 	C:\WINDOWS\System32\KERNEL32.DLL
0x00007ff950860000 - 0x00007ff950ad3000 	C:\WINDOWS\System32\KERNELBASE.dll
0x00007ff954390000 - 0x00007ff954431000 	C:\WINDOWS\System32\ADVAPI32.dll
0x00007ff954150000 - 0x00007ff9541ee000 	C:\WINDOWS\System32\msvcrt.dll
0x00007ff952270000 - 0x00007ff9522cb000 	C:\WINDOWS\System32\sechost.dll
0x00007ff953d50000 - 0x00007ff953e74000 	C:\WINDOWS\System32\RPCRT4.dll
0x00007ff951a10000 - 0x00007ff951ba0000 	C:\WINDOWS\System32\USER32.dll
0x00007ff950b40000 - 0x00007ff950b60000 	C:\WINDOWS\System32\win32u.dll
0x00007ff953d20000 - 0x00007ff953d48000 	C:\WINDOWS\System32\GDI32.dll
0x00007ff951780000 - 0x00007ff951911000 	C:\WINDOWS\System32\gdi32full.dll
0x00007ff9516e0000 - 0x00007ff95177f000 	C:\WINDOWS\System32\msvcp_win.dll
0x00007ff950e80000 - 0x00007ff950f78000 	C:\WINDOWS\System32\ucrtbase.dll
0x00007ff93f5b0000 - 0x00007ff93f819000 	C:\WINDOWS\WinSxS\amd64_microsoft.windows.common-controls_6595b64144ccf1df_6.0.17134.950_none_fb3da4273069d3e0\COMCTL32.dll
0x00007ff951f40000 - 0x00007ff952262000 	C:\WINDOWS\System32\combase.dll
0x00007ff950c10000 - 0x00007ff950c89000 	C:\WINDOWS\System32\bcryptPrimitives.dll
0x00007ff9528a0000 - 0x00007ff9528cd000 	C:\WINDOWS\System32\IMM32.DLL
0x000000005d100000 - 0x000000005d1d2000 	C:\Program Files\Java\jre1.8.0_131\bin\msvcr100.dll
0x000000005e2a0000 - 0x000000005eb3c000 	C:\Program Files\Java\jre1.8.0_131\bin\server\jvm.dll
0x00007ff951f30000 - 0x00007ff951f38000 	C:\WINDOWS\System32\PSAPI.DLL
0x00007ff94b3a0000 - 0x00007ff94b3aa000 	C:\WINDOWS\SYSTEM32\VERSION.dll
0x00007ff941660000 - 0x00007ff941669000 	C:\WINDOWS\SYSTEM32\WSOCK32.dll
0x00007ff94d6f0000 - 0x00007ff94d713000 	C:\WINDOWS\SYSTEM32\WINMM.dll
0x00007ff951d90000 - 0x00007ff951dfc000 	C:\WINDOWS\System32\WS2_32.dll
0x00007ff94d6c0000 - 0x00007ff94d6ea000 	C:\WINDOWS\SYSTEM32\winmmbase.dll
0x00007ff951690000 - 0x00007ff9516d9000 	C:\WINDOWS\System32\cfgmgr32.dll
0x000000005e290000 - 0x000000005e29f000 	C:\Program Files\Java\jre1.8.0_131\bin\verify.dll
0x000000005e260000 - 0x000000005e289000 	C:\Program Files\Java\jre1.8.0_131\bin\java.dll
0x000000005e240000 - 0x000000005e256000 	C:\Program Files\Java\jre1.8.0_131\bin\zip.dll

VM Arguments:
jvm_args: -Dfile.encoding=UTF-8 
java_command: br.usjt.wssin3bn.WsSin3bnApplication
java_class_path (initial): C:\Users\Fernando\workspace-spring-tool-suite\ws-sin3bn\target\classes;C:\Users\Fernando\.m2\repository\org\springframework\boot\spring-boot-starter-data-jpa\2.2.0.RELEASE\spring-boot-starter-data-jpa-2.2.0.RELEASE.jar;C:\Users\Fernando\.m2\repository\org\springframework\boot\spring-boot-starter-aop\2.2.0.RELEASE\spring-boot-starter-aop-2.2.0.RELEASE.jar;C:\Users\Fernando\.m2\repository\org\springframework\spring-aop\5.2.0.RELEASE\spring-aop-5.2.0.RELEASE.jar;C:\Users\Fernando\.m2\repository\org\aspectj\aspectjweaver\1.9.4\aspectjweaver-1.9.4.jar;C:\Users\Fernando\.m2\repository\org\springframework\boot\spring-boot-starter-jdbc\2.2.0.RELEASE\spring-boot-starter-jdbc-2.2.0.RELEASE.jar;C:\Users\Fernando\.m2\repository\com\zaxxer\HikariCP\3.4.1\HikariCP-3.4.1.jar;C:\Users\Fernando\.m2\repository\org\springframework\spring-jdbc\5.2.0.RELEASE\spring-jdbc-5.2.0.RELEASE.jar;C:\Users\Fernando\.m2\repository\jakarta\activation\jakarta.activation-api\1.2.1\jakarta.activation-api-1.2.1.jar;C:\Users\Fernando\.m2\repository\jakarta\persistence\jakarta.persistence-api\2.2.3\jakarta.persistence-api-2.2.3.jar;C:\Users\Fernando\.m2\repository\jakarta\transaction\jakarta.transaction-api\1.3.3\jakarta.transaction-api-1.3.3.jar;C:\Users\Fernando\.m2\repository\org\hibernate\hibernate-core\5.4.6.Final\hibernate-core-5.4.6.Final.jar;C:\Users\Fernando\.m2\repository\org\jboss\logging\jboss-logging\3.4.1.Final\jboss-logging-3.4.1.Final.jar;C:\Users\Fernando\.m2\repository\org\javassist\javassist\3.24.0-GA\javassist-3.24.0-GA.jar;C:\Users\Fernando\.m2\repository\net\bytebuddy\byte-buddy\1.10.1\byte-buddy-1.10.1.jar;C:\Users\Fernando\.m2\repository\antlr\antlr\2.7.7\antlr-2.7.7.jar;C:\Users\Fernando\.m2\repository\org\jboss\jandex\2.0.5.Final\jandex-2.0.5.Final.jar;C:\Users\Fernando\.m2\repository\com\fasterxml\classmate\1.5.0\classmate-1.5.0.jar;C:\Users\Fernando\.m2\repository\org\dom4j\dom4j\2.1.1\dom4j-2.1.1.jar;C:\Users\Fernando\.m2\repository\org\hibernate\
Launcher Type: SUN_STANDARD

Environment Variables:
JAVA_HOME=C:\Program Files\Java\jdk1.8.0_131
PATH=C:/Program Files/Java/jre1.8.0_131/bin/server;C:/Program Files/Java/jre1.8.0_131/bin;C:/Program Files/Java/jre1.8.0_131/lib/amd64;C:\ProgramData\Oracle\Java\javapath;C:\WINDOWS\system32;C:\WINDOWS;C:\WINDOWS\System32\Wbem;C:\WINDOWS\System32\WindowsPowerShell\v1.0\;C:\Program Files (x86)\ATI Technologies\ATI.ACE\Core-Static;C:\WINDOWS\System32\OpenSSH\;C:\Program Files\Microsoft SQL Server\110\DTS\Binn\;C:\Program Files (x86)\Microsoft SQL Server\110\Tools\Binn\;C:\Program Files\Microsoft SQL Server\110\Tools\Binn\;C:\Program Files (x86)\Microsoft SQL Server\110\Tools\Binn\ManagementStudio\;C:\Program Files (x86)\Microsoft Visual Studio 10.0\Common7\IDE\PrivateAssemblies\;C:\Program Files (x86)\Microsoft SQL Server\110\DTS\Binn\;C:\php;C:\ProgramData\ComposerSetup\bin;C:\Program Files\nodejs\;C:\Program Files\Git\cmd;C:\apache-maven-3.6.2\bin;C:\Program Files\Java\jdk1.8.0_131\bin;C:\Users\Fernando\AppData\Local\Programs\Python\Python37-32\Scripts\;C:\Users\Fernando\AppData\Local\Programs\Python\Python37-32\;C:\Users\Fernando\AppData\Local\Microsoft\WindowsApps;C:\Users\Fernando\AppData\Local\atom\bin;C:\Users\Fernando\AppData\Local\Microsoft\WindowsApps;C:\Users\Fernando\AppData\Roaming\Composer\vendor\bin;C:\Users\Fernando\AppData\Local\Programs\Microsoft VS Code\bin;C:\platform-tools;C:\Users\Fernando\AppData\Roaming\npm;C:\Users\Fernando\AppData\Local\GitHubDesktop\bin;C:\Program Files\Java\jdk1.8.0_131\bin;C:\Users\Fernando\Downloads\spring-tool-suite-4-4.4.0.RELEASE-e4.13.0-win32.win32.x86_64\sts-4.4.0.RELEASE;
USERNAME=Fernando
OS=Windows_NT
PROCESSOR_IDENTIFIER=Intel64 Family 6 Model 42 Stepping 7, GenuineIntel



---------------  S Y S T E M  ---------------

OS: Windows 10.0 , 64 bit Build 17134 (10.0.17134.753)

CPU:total 8 (initial active 8) (4 cores per cpu, 2 threads per core) family 6 model 42 stepping 7, cmov, cx8, fxsr, mmx, sse, sse2, sse3, ssse3, sse4.1, sse4.2, popcnt, avx, aes, clmul, ht, tsc, tscinvbit

Memory: 4k page, physical 8335212k(1107332k free), swap 14175684k(5256k free)

vm_info: Java HotSpot(TM) 64-Bit Server VM (25.131-b11) for windows-amd64 JRE (1.8.0_131-b11), built on Mar 15 2017 01:23:53 by "java_re" with MS VC++ 10.0 (VS2010)

time: Fri Oct 25 00:56:34 2019
elapsed time: 0 seconds (0d 0h 0m 0s)

