#
# There is insufficient memory for the Java Runtime Environment to continue.
# Native memory allocation (malloc) failed to allocate 496064 bytes for Chunk::new
# Possible reasons:
#   The system is out of physical RAM or swap space
#   In 32 bit mode, the process size limit was hit
# Possible solutions:
#   Reduce memory load on the system
#   Increase physical memory or swap space
#   Check if swap backing store is full
#   Use 64 bit Java on a 64 bit OS
#   Decrease Java heap size (-Xmx/-Xms)
#   Decrease number of Java threads
#   Decrease Java thread stack sizes (-Xss)
#   Set larger code cache with -XX:ReservedCodeCacheSize=
# This output file may be truncated or incomplete.
#
#  Out of Memory Error (allocation.cpp:390), pid=10556, tid=0x0000000000001868
#
# JRE version: Java(TM) SE Runtime Environment (8.0_131-b11) (build 1.8.0_131-b11)
# Java VM: Java HotSpot(TM) 64-Bit Server VM (25.131-b11 mixed mode windows-amd64 compressed oops)
# Failed to write core dump. Minidumps are not enabled by default on client versions of Windows
#

---------------  T H R E A D  ---------------

Current thread (0x0000000019b3c000):  JavaThread "C2 CompilerThread2" daemon [_thread_in_native, id=6248, stack(0x000000001a510000,0x000000001a610000)]

Stack: [0x000000001a510000,0x000000001a610000]
[error occurred during error reporting (printing stack bounds), id 0xc0000005]

Native frames: (J=compiled Java code, j=interpreted, Vv=VM code, C=native code)


Current CompileTask:
C2:  16918 4005   !   4       java.net.URL::<init> (543 bytes)


---------------  P R O C E S S  ---------------

Java Threads: ( => current thread )
  0x0000000019b4a000 JavaThread "HikariPool-1 connection adder" daemon [_thread_in_Java, id=6188, stack(0x0000000023240000,0x0000000023340000)]
  0x0000000019b48000 JavaThread "HikariPool-1 housekeeper" daemon [_thread_blocked, id=8952, stack(0x0000000023140000,0x0000000023240000)]
  0x000000001c324000 JavaThread "mysql-cj-abandoned-connection-cleanup" daemon [_thread_blocked, id=10104, stack(0x0000000022740000,0x0000000022840000)]
  0x000000001ff78800 JavaThread "container-0" [_thread_blocked, id=1828, stack(0x0000000022640000,0x0000000022740000)]
  0x000000001d9d7000 JavaThread "Catalina-utility-2" [_thread_blocked, id=15192, stack(0x0000000022540000,0x0000000022640000)]
  0x000000001fbc9800 JavaThread "Catalina-utility-1" [_thread_blocked, id=14044, stack(0x0000000022440000,0x0000000022540000)]
  0x000000001cfcb000 JavaThread "JMX server connection timeout 17" daemon [_thread_blocked, id=14912, stack(0x0000000022140000,0x0000000022240000)]
  0x00000000213ca000 JavaThread "RMI Scheduler(0)" daemon [_thread_blocked, id=1968, stack(0x0000000022040000,0x0000000022140000)]
  0x000000002138a000 JavaThread "RMI TCP Connection(1)-192.168.0.20" daemon [_thread_in_native, id=15004, stack(0x0000000020ec0000,0x0000000020fc0000)]
  0x000000001b95b000 JavaThread "RMI TCP Accept-0" daemon [_thread_in_native, id=4208, stack(0x000000001c870000,0x000000001c970000)]
  0x0000000019bcd800 JavaThread "Service Thread" daemon [_thread_blocked, id=15144, stack(0x000000001a710000,0x000000001a810000)]
  0x0000000019b48800 JavaThread "C1 CompilerThread3" daemon [_thread_in_native, id=5648, stack(0x000000001a610000,0x000000001a710000)]
=>0x0000000019b3c000 JavaThread "C2 CompilerThread2" daemon [_thread_in_native, id=6248, stack(0x000000001a510000,0x000000001a610000)]
  0x0000000019b35000 JavaThread "C2 CompilerThread1" daemon [_thread_in_native, id=14584, stack(0x000000001a410000,0x000000001a510000)]
  0x0000000019b31000 JavaThread "C2 CompilerThread0" daemon [_thread_in_native, id=15148, stack(0x000000001a310000,0x000000001a410000)]
  0x0000000019b30000 JavaThread "Attach Listener" daemon [_thread_blocked, id=1524, stack(0x000000001a210000,0x000000001a310000)]
  0x0000000019b2f000 JavaThread "Signal Dispatcher" daemon [_thread_blocked, id=6536, stack(0x000000001a110000,0x000000001a210000)]
  0x0000000019b20800 JavaThread "Finalizer" daemon [_thread_blocked, id=15172, stack(0x0000000019f00000,0x000000001a000000)]
  0x0000000002c1a000 JavaThread "Reference Handler" daemon [_thread_blocked, id=13988, stack(0x0000000019a00000,0x0000000019b00000)]
  0x0000000002b25800 JavaThread "main" [_thread_in_vm, id=11720, stack(0x0000000002a20000,0x0000000002b20000)]

Other Threads:
  0x0000000017c19800 VMThread [stack: 0x0000000019900000,0x0000000019a00000] [id=13360]
  0x0000000019c21800 WatcherThread [stack: 0x000000001a960000,0x000000001aa60000] [id=3664]

VM state:not at safepoint (normal execution)

VM Mutex/Monitor currently owned by a thread: None

Heap:
 PSYoungGen      total 120320K, used 100455K [0x00000000d5980000, 0x00000000dda00000, 0x0000000100000000)
  eden space 112128K, 89% used [0x00000000d5980000,0x00000000dbb99ef8,0x00000000dc700000)
  from space 8192K, 0% used [0x00000000dd200000,0x00000000dd200000,0x00000000dda00000)
  to   space 9216K, 0% used [0x00000000dc800000,0x00000000dc800000,0x00000000dd100000)
 ParOldGen       total 77824K, used 12434K [0x0000000080c00000, 0x0000000085800000, 0x00000000d5980000)
  object space 77824K, 15% used [0x0000000080c00000,0x0000000081824808,0x0000000085800000)
 Metaspace       used 45275K, capacity 47216K, committed 47400K, reserved 1089536K
  class space    used 6050K, capacity 6392K, committed 6448K, reserved 1048576K

Card table byte_map: [0x0000000011fe0000,0x00000000123e0000] byte_map_base: 0x0000000011bda000

Marking Bits: (ParMarkBitMap*) 0x000000005eabc720
 Begin Bits: [0x0000000012e90000, 0x0000000014e60000)
 End Bits:   [0x0000000014e60000, 0x0000000016e30000)

Polling page: 0x0000000002800000

CodeCache: size=245760Kb used=13610Kb max_used=13610Kb free=232149Kb
 bounds [0x0000000002c20000, 0x0000000003980000, 0x0000000011c20000]
 total_blobs=4323 nmethods=3826 adapters=409
 compilation: enabled

Compilation events (10 events):
Event: 16.883 Thread 0x0000000019b48800 4201       3       java.lang.invoke.AbstractValidatingLambdaMetafactory::isAdaptableToAsReturnStrict (26 bytes)
Event: 16.884 Thread 0x0000000019b48800 nmethod 4201 0x000000000395cb10 code [0x000000000395cca0, 0x000000000395d108]
Event: 16.884 Thread 0x0000000019b48800 4204       3       java.lang.invoke.InnerClassLambdaMetafactory$ForwardingMethodGenerator::<init> (11 bytes)
Event: 16.885 Thread 0x0000000019b48800 nmethod 4204 0x00000000039734d0 code [0x0000000003973640, 0x0000000003973848]
Event: 16.885 Thread 0x0000000019b48800 4193       3       java.net.SocketInputStream::read (15 bytes)
Event: 16.886 Thread 0x0000000019b48800 nmethod 4193 0x0000000003973910 code [0x0000000003973a80, 0x0000000003973d18]
Event: 16.889 Thread 0x0000000019b48800 4207       3       java.security.Provider$UString::<init> (21 bytes)
Event: 16.890 Thread 0x0000000019b48800 nmethod 4207 0x0000000003973e10 code [0x0000000003973f80, 0x0000000003974248]
Event: 16.890 Thread 0x0000000019b48800 4208       3       java.security.Provider$UString::hashCode (8 bytes)
Event: 16.891 Thread 0x0000000019b48800 nmethod 4208 0x0000000003974350 code [0x00000000039744c0, 0x00000000039746c8]

GC Heap History (10 events):
Event: 6.274 GC heap before
{Heap before GC invocations=6 (full 1):
 PSYoungGen      total 71680K, used 66560K [0x00000000d5980000, 0x00000000da480000, 0x0000000100000000)
  eden space 66560K, 100% used [0x00000000d5980000,0x00000000d9a80000,0x00000000d9a80000)
  from space 5120K, 0% used [0x00000000d9f80000,0x00000000d9f80000,0x00000000da480000)
  to   space 5120K, 0% used [0x00000000d9a80000,0x00000000d9a80000,0x00000000d9f80000)
 ParOldGen       total 53248K, used 7016K [0x0000000080c00000, 0x0000000084000000, 0x00000000d5980000)
  object space 53248K, 13% used [0x0000000080c00000,0x00000000812da248,0x0000000084000000)
 Metaspace       used 23451K, capacity 24220K, committed 24368K, reserved 1071104K
  class space    used 3087K, capacity 3288K, committed 3376K, reserved 1048576K
Event: 6.310 GC heap after
Heap after GC invocations=6 (full 1):
 PSYoungGen      total 71680K, used 4174K [0x00000000d5980000, 0x00000000dda80000, 0x0000000100000000)
  eden space 66560K, 0% used [0x00000000d5980000,0x00000000d5980000,0x00000000d9a80000)
  from space 5120K, 81% used [0x00000000d9a80000,0x00000000d9e93bd8,0x00000000d9f80000)
  to   space 8704K, 0% used [0x00000000dd200000,0x00000000dd200000,0x00000000dda80000)
 ParOldGen       total 53248K, used 7024K [0x0000000080c00000, 0x0000000084000000, 0x00000000d5980000)
  object space 53248K, 13% used [0x0000000080c00000,0x00000000812dc248,0x0000000084000000)
 Metaspace       used 23451K, capacity 24220K, committed 24368K, reserved 1071104K
  class space    used 3087K, capacity 3288K, committed 3376K, reserved 1048576K
}
Event: 8.767 GC heap before
{Heap before GC invocations=7 (full 1):
 PSYoungGen      total 71680K, used 70734K [0x00000000d5980000, 0x00000000dda80000, 0x0000000100000000)
  eden space 66560K, 100% used [0x00000000d5980000,0x00000000d9a80000,0x00000000d9a80000)
  from space 5120K, 81% used [0x00000000d9a80000,0x00000000d9e93bd8,0x00000000d9f80000)
  to   space 8704K, 0% used [0x00000000dd200000,0x00000000dd200000,0x00000000dda80000)
 ParOldGen       total 53248K, used 7024K [0x0000000080c00000, 0x0000000084000000, 0x00000000d5980000)
  object space 53248K, 13% used [0x0000000080c00000,0x00000000812dc248,0x0000000084000000)
 Metaspace       used 26485K, capacity 27584K, committed 27824K, reserved 1073152K
  class space    used 3486K, capacity 3728K, committed 3760K, reserved 1048576K
Event: 8.788 GC heap after
Heap after GC invocations=7 (full 1):
 PSYoungGen      total 120320K, used 8117K [0x00000000d5980000, 0x00000000dda00000, 0x0000000100000000)
  eden space 112128K, 0% used [0x00000000d5980000,0x00000000d5980000,0x00000000dc700000)
  from space 8192K, 99% used [0x00000000dd200000,0x00000000dd9ed410,0x00000000dda00000)
  to   space 9216K, 0% used [0x00000000dc800000,0x00000000dc800000,0x00000000dd100000)
 ParOldGen       total 53248K, used 7032K [0x0000000080c00000, 0x0000000084000000, 0x00000000d5980000)
  object space 53248K, 13% used [0x0000000080c00000,0x00000000812de248,0x0000000084000000)
 Metaspace       used 26485K, capacity 27584K, committed 27824K, reserved 1073152K
  class space    used 3486K, capacity 3728K, committed 3760K, reserved 1048576K
}
Event: 11.265 GC heap before
{Heap before GC invocations=8 (full 1):
 PSYoungGen      total 120320K, used 120211K [0x00000000d5980000, 0x00000000dda00000, 0x0000000100000000)
  eden space 112128K, 99% used [0x00000000d5980000,0x00000000dc6f7998,0x00000000dc700000)
  from space 8192K, 99% used [0x00000000dd200000,0x00000000dd9ed410,0x00000000dda00000)
  to   space 9216K, 0% used [0x00000000dc800000,0x00000000dc800000,0x00000000dd100000)
 ParOldGen       total 53248K, used 7032K [0x0000000080c00000, 0x0000000084000000, 0x00000000d5980000)
  object space 53248K, 13% used [0x0000000080c00000,0x00000000812de248,0x0000000084000000)
 Metaspace       used 33038K, capacity 34778K, committed 34864K, reserved 1079296K
  class space    used 4355K, capacity 4653K, committed 4656K, reserved 1048576K
Event: 11.293 GC heap after
Heap after GC invocations=8 (full 1):
 PSYoungGen      total 121344K, used 9213K [0x00000000d5980000, 0x00000000dda00000, 0x0000000100000000)
  eden space 112128K, 0% used [0x00000000d5980000,0x00000000d5980000,0x00000000dc700000)
  from space 9216K, 99% used [0x00000000dc800000,0x00000000dd0ff660,0x00000000dd100000)
  to   space 8192K, 0% used [0x00000000dd200000,0x00000000dd200000,0x00000000dda00000)
 ParOldGen       total 53248K, used 9949K [0x0000000080c00000, 0x0000000084000000, 0x00000000d5980000)
  object space 53248K, 18% used [0x0000000080c00000,0x00000000815b74f0,0x0000000084000000)
 Metaspace       used 33038K, capacity 34778K, committed 34864K, reserved 1079296K
  class space    used 4355K, capacity 4653K, committed 4656K, reserved 1048576K
}
Event: 11.823 GC heap before
{Heap before GC invocations=9 (full 1):
 PSYoungGen      total 121344K, used 29559K [0x00000000d5980000, 0x00000000dda00000, 0x0000000100000000)
  eden space 112128K, 18% used [0x00000000d5980000,0x00000000d6d5e990,0x00000000dc700000)
  from space 9216K, 99% used [0x00000000dc800000,0x00000000dd0ff660,0x00000000dd100000)
  to   space 8192K, 0% used [0x00000000dd200000,0x00000000dd200000,0x00000000dda00000)
 ParOldGen       total 53248K, used 9949K [0x0000000080c00000, 0x0000000084000000, 0x00000000d5980000)
  object space 53248K, 18% used [0x0000000080c00000,0x00000000815b74f0,0x0000000084000000)
 Metaspace       used 33665K, capacity 35404K, committed 35496K, reserved 1079296K
  class space    used 4429K, capacity 4754K, committed 4784K, reserved 1048576K
Event: 11.837 GC heap after
Heap after GC invocations=9 (full 1):
 PSYoungGen      total 120320K, used 8157K [0x00000000d5980000, 0x00000000dda00000, 0x0000000100000000)
  eden space 112128K, 0% used [0x00000000d5980000,0x00000000d5980000,0x00000000dc700000)
  from space 8192K, 99% used [0x00000000dd200000,0x00000000dd9f7788,0x00000000dda00000)
  to   space 9216K, 0% used [0x00000000dc800000,0x00000000dc800000,0x00000000dd100000)
 ParOldGen       total 53248K, used 10006K [0x0000000080c00000, 0x0000000084000000, 0x00000000d5980000)
  object space 53248K, 18% used [0x0000000080c00000,0x00000000815c5ae0,0x0000000084000000)
 Metaspace       used 33665K, capacity 35404K, committed 35496K, reserved 1079296K
  class space    used 4429K, capacity 4754K, committed 4784K, reserved 1048576K
}
Event: 11.837 GC heap before
{Heap before GC invocations=10 (full 2):
 PSYoungGen      total 120320K, used 8157K [0x00000000d5980000, 0x00000000dda00000, 0x0000000100000000)
  eden space 112128K, 0% used [0x00000000d5980000,0x00000000d5980000,0x00000000dc700000)
  from space 8192K, 99% used [0x00000000dd200000,0x00000000dd9f7788,0x00000000dda00000)
  to   space 9216K, 0% used [0x00000000dc800000,0x00000000dc800000,0x00000000dd100000)
 ParOldGen       total 53248K, used 10006K [0x0000000080c00000, 0x0000000084000000, 0x00000000d5980000)
  object space 53248K, 18% used [0x0000000080c00000,0x00000000815c5ae0,0x0000000084000000)
 Metaspace       used 33665K, capacity 35404K, committed 35496K, reserved 1079296K
  class space    used 4429K, capacity 4754K, committed 4784K, reserved 1048576K
Event: 11.974 GC heap after
Heap after GC invocations=10 (full 2):
 PSYoungGen      total 120320K, used 0K [0x00000000d5980000, 0x00000000dda00000, 0x0000000100000000)
  eden space 112128K, 0% used [0x00000000d5980000,0x00000000d5980000,0x00000000dc700000)
  from space 8192K, 0% used [0x00000000dd200000,0x00000000dd200000,0x00000000dda00000)
  to   space 9216K, 0% used [0x00000000dc800000,0x00000000dc800000,0x00000000dd100000)
 ParOldGen       total 77824K, used 12434K [0x0000000080c00000, 0x0000000085800000, 0x00000000d5980000)
  object space 77824K, 15% used [0x0000000080c00000,0x0000000081824808,0x0000000085800000)
 Metaspace       used 33665K, capacity 35404K, committed 35496K, reserved 1079296K
  class space    used 4429K, capacity 4754K, committed 4784K, reserved 1048576K
}

Deoptimization events (10 events):
Event: 15.666 Thread 0x0000000002b25800 Uncommon trap: reason=array_check action=maybe_recompile pc=0x000000000388b6ec method=java.util.AbstractCollection.toArray([Ljava/lang/Object;)[Ljava/lang/Object; @ 119
Event: 15.666 Thread 0x0000000002b25800 Uncommon trap: reason=class_check action=maybe_recompile pc=0x000000000385d894 method=java.util.TreeMap.put(Ljava/lang/Object;Ljava/lang/Object;)Ljava/lang/Object; @ 127
Event: 15.667 Thread 0x0000000002b25800 Uncommon trap: reason=array_check action=maybe_recompile pc=0x000000000388b6ec method=java.util.AbstractCollection.toArray([Ljava/lang/Object;)[Ljava/lang/Object; @ 119
Event: 15.667 Thread 0x0000000002b25800 Uncommon trap: reason=class_check action=maybe_recompile pc=0x000000000385d894 method=java.util.TreeMap.put(Ljava/lang/Object;Ljava/lang/Object;)Ljava/lang/Object; @ 127
Event: 15.667 Thread 0x0000000002b25800 Uncommon trap: reason=class_check action=maybe_recompile pc=0x000000000385d894 method=java.util.TreeMap.put(Ljava/lang/Object;Ljava/lang/Object;)Ljava/lang/Object; @ 127
Event: 15.667 Thread 0x0000000002b25800 Uncommon trap: reason=array_check action=maybe_recompile pc=0x000000000388b6ec method=java.util.AbstractCollection.toArray([Ljava/lang/Object;)[Ljava/lang/Object; @ 119
Event: 15.667 Thread 0x0000000002b25800 Uncommon trap: reason=class_check action=maybe_recompile pc=0x000000000385d894 method=java.util.TreeMap.put(Ljava/lang/Object;Ljava/lang/Object;)Ljava/lang/Object; @ 127
Event: 15.795 Thread 0x0000000002b25800 Uncommon trap: reason=predicate action=maybe_recompile pc=0x00000000038ab490 method=java.util.TreeMap.put(Ljava/lang/Object;Ljava/lang/Object;)Ljava/lang/Object; @ 132
Event: 16.496 Thread 0x0000000019b4a000 Uncommon trap: reason=predicate action=maybe_recompile pc=0x0000000002f3b204 method=java.util.regex.Pattern$SliceI.match(Ljava/util/regex/Matcher;ILjava/lang/CharSequence;)Z @ 21
Event: 16.850 Thread 0x0000000002b25800 Uncommon trap: reason=unstable_if action=reinterpret pc=0x0000000003331e94 method=java.lang.String.valueOf(Ljava/lang/Object;)Ljava/lang/String; @ 1

Internal exceptions (10 events):
Event: 14.598 Thread 0x000000002138a000 Exception <a 'java/lang/ClassNotFoundException': org/springframework/context/support/LiveBeansView> (0x00000000d9816498) thrown at [C:\re\workspace\8-2-build-windows-amd64-cygwin\jdk8u131\8869\hotspot\src\share\vm\classfile\systemDictionary.cpp, line 210]
Event: 14.611 Thread 0x000000002138a000 Exception <a 'java/lang/ClassNotFoundException': org/springframework/boot/actuate/endpoint/jmx/EndpointMBean> (0x00000000d9834710) thrown at [C:\re\workspace\8-2-build-windows-amd64-cygwin\jdk8u131\8869\hotspot\src\share\vm\classfile\systemDictionary.cpp,
Event: 14.622 Thread 0x000000002138a000 Exception <a 'java/lang/ClassNotFoundException': org/springframework/boot/actuate/endpoint/jmx/DataEndpointMBean> (0x00000000d9913df0) thrown at [C:\re\workspace\8-2-build-windows-amd64-cygwin\jdk8u131\8869\hotspot\src\share\vm\classfile\systemDictionary.
Event: 14.632 Thread 0x000000002138a000 Exception <a 'java/lang/ClassNotFoundException': org/springframework/context/support/LiveBeansView> (0x00000000d9932240) thrown at [C:\re\workspace\8-2-build-windows-amd64-cygwin\jdk8u131\8869\hotspot\src\share\vm\classfile\systemDictionary.cpp, line 210]
Event: 14.633 Thread 0x000000002138a000 Exception <a 'java/lang/ClassNotFoundException': org/springframework/boot/actuate/endpoint/jmx/EndpointMBean> (0x00000000d99325a8) thrown at [C:\re\workspace\8-2-build-windows-amd64-cygwin\jdk8u131\8869\hotspot\src\share\vm\classfile\systemDictionary.cpp,
Event: 14.633 Thread 0x000000002138a000 Exception <a 'java/lang/ClassNotFoundException': org/springframework/boot/actuate/endpoint/jmx/DataEndpointMBean> (0x00000000d9932b00) thrown at [C:\re\workspace\8-2-build-windows-amd64-cygwin\jdk8u131\8869\hotspot\src\share\vm\classfile\systemDictionary.
Event: 14.633 Thread 0x000000002138a000 Exception <a 'java/lang/ClassNotFoundException': org/springframework/context/support/LiveBeansView> (0x00000000d9933040) thrown at [C:\re\workspace\8-2-build-windows-amd64-cygwin\jdk8u131\8869\hotspot\src\share\vm\classfile\systemDictionary.cpp, line 210]
Event: 14.634 Thread 0x000000002138a000 Exception <a 'java/lang/ClassNotFoundException': org/springframework/boot/actuate/endpoint/jmx/EndpointMBean> (0x00000000d9933398) thrown at [C:\re\workspace\8-2-build-windows-amd64-cygwin\jdk8u131\8869\hotspot\src\share\vm\classfile\systemDictionary.cpp,
Event: 14.634 Thread 0x000000002138a000 Exception <a 'java/lang/ClassNotFoundException': org/springframework/boot/actuate/endpoint/jmx/DataEndpointMBean> (0x00000000d99338e0) thrown at [C:\re\workspace\8-2-build-windows-amd64-cygwin\jdk8u131\8869\hotspot\src\share\vm\classfile\systemDictionary.
Event: 14.635 Thread 0x000000002138a000 Exception <a 'java/lang/ClassNotFoundException': org/springframework/context/support/LiveBeansView> (0x00000000d9933e10) thrown at [C:\re\workspace\8-2-build-windows-amd64-cygwin\jdk8u131\8869\hotspot\src\share\vm\classfile\systemDictionary.cpp, line 210]

Events (10 events):
Event: 16.887 loading class org/hibernate/boot/jaxb/hbm/spi/JaxbHbmToolingHintContainer
Event: 16.887 loading class org/hibernate/boot/jaxb/hbm/spi/JaxbHbmToolingHintContainer done
Event: 16.888 loading class org/hibernate/boot/jaxb/hbm/spi/JaxbHbmDiscriminatorSubclassEntityType
Event: 16.888 loading class org/hibernate/boot/jaxb/hbm/spi/JaxbHbmDiscriminatorSubclassEntityType done
Event: 16.889 loading class org/hibernate/boot/jaxb/hbm/spi/SecondaryTableContainer
Event: 16.889 loading class org/hibernate/boot/jaxb/hbm/spi/SecondaryTableContainer done
Event: 16.889 loading class org/hibernate/boot/jaxb/hbm/spi/SubEntityInfo
Event: 16.889 loading class org/hibernate/boot/jaxb/hbm/spi/SubEntityInfo done
Event: 16.891 loading class org/hibernate/boot/jaxb/hbm/spi/JaxbHbmJoinedSubclassEntityType
Event: 16.891 loading class org/hibernate/boot/jaxb/hbm/spi/JaxbHbmJoinedSubclassEntityType done


Dynamic libraries:
0x00007ff752be0000 - 0x00007ff752c17000 	C:\Program Files\Java\jre1.8.0_131\bin\javaw.exe
0x00007ff954490000 - 0x00007ff954671000 	C:\WINDOWS\SYSTEM32\ntdll.dll
0x00007ff951cd0000 - 0x00007ff951d81000 	C:\WINDOWS\System32\KERNEL32.DLL
0x00007ff950860000 - 0x00007ff950ad3000 	C:\WINDOWS\System32\KERNELBASE.dll
0x00007ff954390000 - 0x00007ff954431000 	C:\WINDOWS\System32\ADVAPI32.dll
0x00007ff954150000 - 0x00007ff9541ee000 	C:\WINDOWS\System32\msvcrt.dll
0x00007ff952270000 - 0x00007ff9522cb000 	C:\WINDOWS\System32\sechost.dll
0x00007ff953d50000 - 0x00007ff953e74000 	C:\WINDOWS\System32\RPCRT4.dll
0x00007ff951a10000 - 0x00007ff951ba0000 	C:\WINDOWS\System32\USER32.dll
0x00007ff950b40000 - 0x00007ff950b60000 	C:\WINDOWS\System32\win32u.dll
0x00007ff953d20000 - 0x00007ff953d48000 	C:\WINDOWS\System32\GDI32.dll
0x00007ff951780000 - 0x00007ff951911000 	C:\WINDOWS\System32\gdi32full.dll
0x00007ff9516e0000 - 0x00007ff95177f000 	C:\WINDOWS\System32\msvcp_win.dll
0x00007ff950e80000 - 0x00007ff950f78000 	C:\WINDOWS\System32\ucrtbase.dll
0x00007ff93f5b0000 - 0x00007ff93f819000 	C:\WINDOWS\WinSxS\amd64_microsoft.windows.common-controls_6595b64144ccf1df_6.0.17134.950_none_fb3da4273069d3e0\COMCTL32.dll
0x00007ff951f40000 - 0x00007ff952262000 	C:\WINDOWS\System32\combase.dll
0x00007ff950c10000 - 0x00007ff950c89000 	C:\WINDOWS\System32\bcryptPrimitives.dll
0x00007ff9528a0000 - 0x00007ff9528cd000 	C:\WINDOWS\System32\IMM32.DLL
0x000000005d100000 - 0x000000005d1d2000 	C:\Program Files\Java\jre1.8.0_131\bin\msvcr100.dll
0x000000005e2a0000 - 0x000000005eb3c000 	C:\Program Files\Java\jre1.8.0_131\bin\server\jvm.dll
0x00007ff951f30000 - 0x00007ff951f38000 	C:\WINDOWS\System32\PSAPI.DLL
0x00007ff941660000 - 0x00007ff941669000 	C:\WINDOWS\SYSTEM32\WSOCK32.dll
0x00007ff951d90000 - 0x00007ff951dfc000 	C:\WINDOWS\System32\WS2_32.dll
0x00007ff94d6f0000 - 0x00007ff94d713000 	C:\WINDOWS\SYSTEM32\WINMM.dll
0x00007ff94d6c0000 - 0x00007ff94d6ea000 	C:\WINDOWS\SYSTEM32\WINMMBASE.dll
0x00007ff951690000 - 0x00007ff9516d9000 	C:\WINDOWS\System32\cfgmgr32.dll
0x00007ff94b3a0000 - 0x00007ff94b3aa000 	C:\WINDOWS\SYSTEM32\VERSION.dll
0x000000005e290000 - 0x000000005e29f000 	C:\Program Files\Java\jre1.8.0_131\bin\verify.dll
0x000000005e260000 - 0x000000005e289000 	C:\Program Files\Java\jre1.8.0_131\bin\java.dll
0x000000005e240000 - 0x000000005e256000 	C:\Program Files\Java\jre1.8.0_131\bin\zip.dll
0x00007ff9528d0000 - 0x00007ff953d10000 	C:\WINDOWS\System32\SHELL32.dll
0x00007ff954040000 - 0x00007ff9540e9000 	C:\WINDOWS\System32\shcore.dll
0x00007ff950f80000 - 0x00007ff95168d000 	C:\WINDOWS\System32\windows.storage.dll
0x00007ff951c70000 - 0x00007ff951cc1000 	C:\WINDOWS\System32\shlwapi.dll
0x00007ff950840000 - 0x00007ff950851000 	C:\WINDOWS\System32\kernel.appcore.dll
0x00007ff9507c0000 - 0x00007ff9507df000 	C:\WINDOWS\System32\profapi.dll
0x00007ff9507f0000 - 0x00007ff95083c000 	C:\WINDOWS\System32\powrprof.dll
0x00007ff9507e0000 - 0x00007ff9507ea000 	C:\WINDOWS\System32\FLTLIB.DLL
0x000000005e220000 - 0x000000005e23a000 	C:\Program Files\Java\jre1.8.0_131\bin\net.dll
0x00007ff950020000 - 0x00007ff950086000 	C:\WINDOWS\system32\mswsock.dll
0x00007ff94fdb0000 - 0x00007ff94fe6e000 	C:\WINDOWS\SYSTEM32\DNSAPI.dll
0x00007ff951f20000 - 0x00007ff951f28000 	C:\WINDOWS\System32\NSI.dll
0x00007ff94fd70000 - 0x00007ff94fda8000 	C:\WINDOWS\SYSTEM32\IPHLPAPI.DLL
0x00007ff945040000 - 0x00007ff94504a000 	C:\Windows\System32\rasadhlp.dll
0x00007ff9453d0000 - 0x00007ff945442000 	C:\WINDOWS\System32\fwpuclnt.dll
0x00007ff950300000 - 0x00007ff950325000 	C:\WINDOWS\SYSTEM32\bcrypt.dll
0x000000005d7d0000 - 0x000000005d7dd000 	C:\Program Files\Java\jre1.8.0_131\bin\management.dll
0x000000005e200000 - 0x000000005e211000 	C:\Program Files\Java\jre1.8.0_131\bin\nio.dll
0x00007ff9501d0000 - 0x00007ff9501e7000 	C:\WINDOWS\SYSTEM32\CRYPTSP.dll
0x00007ff94fbd0000 - 0x00007ff94fc03000 	C:\WINDOWS\system32\rsaenh.dll
0x00007ff9506a0000 - 0x00007ff9506c8000 	C:\WINDOWS\SYSTEM32\USERENV.dll
0x00007ff9501f0000 - 0x00007ff9501fb000 	C:\WINDOWS\SYSTEM32\CRYPTBASE.dll
0x00007ff94a060000 - 0x00007ff94a076000 	C:\WINDOWS\SYSTEM32\dhcpcsvc6.DLL
0x00007ff9489b0000 - 0x00007ff9489ca000 	C:\WINDOWS\SYSTEM32\dhcpcsvc.DLL
0x00007ff931750000 - 0x00007ff931766000 	C:\WINDOWS\system32\napinsp.dll
0x00007ff931730000 - 0x00007ff93174a000 	C:\WINDOWS\system32\pnrpnsp.dll
0x00007ff94d0d0000 - 0x00007ff94d0e9000 	C:\WINDOWS\system32\NLAapi.dll
0x00007ff936610000 - 0x00007ff93661e000 	C:\WINDOWS\System32\winrnr.dll
0x000000005e1d0000 - 0x000000005e1f4000 	C:\Program Files\Java\jre1.8.0_131\bin\sunec.dll
0x000000005e1c0000 - 0x000000005e1cb000 	C:\Program Files\Java\jre1.8.0_131\bin\sunmscapi.dll
0x00007ff950c90000 - 0x00007ff950e72000 	C:\WINDOWS\System32\CRYPT32.dll
0x00007ff9507a0000 - 0x00007ff9507b2000 	C:\WINDOWS\System32\MSASN1.dll

VM Arguments:
jvm_args: -Dfile.encoding=UTF-8 
java_command: br.usjt.wssin3bn.WsSin3bnApplication
java_class_path (initial): C:\Users\Fernando\workspace-spring-tool-suite\ws-sin3bn\target\classes;C:\Users\Fernando\.m2\repository\org\springframework\boot\spring-boot-starter-data-jpa\2.2.0.RELEASE\spring-boot-starter-data-jpa-2.2.0.RELEASE.jar;C:\Users\Fernando\.m2\repository\org\springframework\boot\spring-boot-starter-aop\2.2.0.RELEASE\spring-boot-starter-aop-2.2.0.RELEASE.jar;C:\Users\Fernando\.m2\repository\org\springframework\spring-aop\5.2.0.RELEASE\spring-aop-5.2.0.RELEASE.jar;C:\Users\Fernando\.m2\repository\org\aspectj\aspectjweaver\1.9.4\aspectjweaver-1.9.4.jar;C:\Users\Fernando\.m2\repository\org\springframework\boot\spring-boot-starter-jdbc\2.2.0.RELEASE\spring-boot-starter-jdbc-2.2.0.RELEASE.jar;C:\Users\Fernando\.m2\repository\com\zaxxer\HikariCP\3.4.1\HikariCP-3.4.1.jar;C:\Users\Fernando\.m2\repository\org\springframework\spring-jdbc\5.2.0.RELEASE\spring-jdbc-5.2.0.RELEASE.jar;C:\Users\Fernando\.m2\repository\jakarta\activation\jakarta.activation-api\1.2.1\jakarta.activation-api-1.2.1.jar;C:\Users\Fernando\.m2\repository\jakarta\persistence\jakarta.persistence-api\2.2.3\jakarta.persistence-api-2.2.3.jar;C:\Users\Fernando\.m2\repository\jakarta\transaction\jakarta.transaction-api\1.3.3\jakarta.transaction-api-1.3.3.jar;C:\Users\Fernando\.m2\repository\org\hibernate\hibernate-core\5.4.6.Final\hibernate-core-5.4.6.Final.jar;C:\Users\Fernando\.m2\repository\org\jboss\logging\jboss-logging\3.4.1.Final\jboss-logging-3.4.1.Final.jar;C:\Users\Fernando\.m2\repository\org\javassist\javassist\3.24.0-GA\javassist-3.24.0-GA.jar;C:\Users\Fernando\.m2\repository\net\bytebuddy\byte-buddy\1.10.1\byte-buddy-1.10.1.jar;C:\Users\Fernando\.m2\repository\antlr\antlr\2.7.7\antlr-2.7.7.jar;C:\Users\Fernando\.m2\repository\org\jboss\jandex\2.0.5.Final\jandex-2.0.5.Final.jar;C:\Users\Fernando\.m2\repository\com\fasterxml\classmate\1.5.0\classmate-1.5.0.jar;C:\Users\Fernando\.m2\repository\org\dom4j\dom4j\2.1.1\dom4j-2.1.1.jar;C:\Users\Fernando\.m2\repository\org\hibernate\
Launcher Type: SUN_STANDARD

Environment Variables:
JAVA_HOME=C:\Program Files\Java\jdk1.8.0_131
PATH=C:/Program Files/Java/jre1.8.0_131/bin/server;C:/Program Files/Java/jre1.8.0_131/bin;C:/Program Files/Java/jre1.8.0_131/lib/amd64;C:\ProgramData\Oracle\Java\javapath;C:\WINDOWS\system32;C:\WINDOWS;C:\WINDOWS\System32\Wbem;C:\WINDOWS\System32\WindowsPowerShell\v1.0\;C:\Program Files (x86)\ATI Technologies\ATI.ACE\Core-Static;C:\WINDOWS\System32\OpenSSH\;C:\Program Files\Microsoft SQL Server\110\DTS\Binn\;C:\Program Files (x86)\Microsoft SQL Server\110\Tools\Binn\;C:\Program Files\Microsoft SQL Server\110\Tools\Binn\;C:\Program Files (x86)\Microsoft SQL Server\110\Tools\Binn\ManagementStudio\;C:\Program Files (x86)\Microsoft Visual Studio 10.0\Common7\IDE\PrivateAssemblies\;C:\Program Files (x86)\Microsoft SQL Server\110\DTS\Binn\;C:\php;C:\ProgramData\ComposerSetup\bin;C:\Program Files\nodejs\;C:\Program Files\Git\cmd;C:\apache-maven-3.6.2\bin;C:\Program Files\Java\jdk1.8.0_131\bin;C:\Users\Fernando\AppData\Local\Programs\Python\Python37-32\Scripts\;C:\Users\Fernando\AppData\Local\Programs\Python\Python37-32\;C:\Users\Fernando\AppData\Local\Microsoft\WindowsApps;C:\Users\Fernando\AppData\Local\atom\bin;C:\Users\Fernando\AppData\Local\Microsoft\WindowsApps;C:\Users\Fernando\AppData\Roaming\Composer\vendor\bin;C:\Users\Fernando\AppData\Local\Programs\Microsoft VS Code\bin;C:\platform-tools;C:\Users\Fernando\AppData\Roaming\npm;C:\Users\Fernando\AppData\Local\GitHubDesktop\bin;C:\Program Files\Java\jdk1.8.0_131\bin;C:\Users\Fernando\Downloads\spring-tool-suite-4-4.4.0.RELEASE-e4.13.0-win32.win32.x86_64\sts-4.4.0.RELEASE;
USERNAME=Fernando
OS=Windows_NT
PROCESSOR_IDENTIFIER=Intel64 Family 6 Model 42 Stepping 7, GenuineIntel



---------------  S Y S T E M  ---------------

OS: Windows 10.0 , 64 bit Build 17134 (10.0.17134.753)

CPU:total 8 (initial active 8) (4 cores per cpu, 2 threads per core) family 6 model 42 stepping 7, cmov, cx8, fxsr, mmx, sse, sse2, sse3, ssse3, sse4.1, sse4.2, popcnt, avx, aes, clmul, ht, tsc, tscinvbit

Memory: 4k page, physical 8335212k(1225084k free), swap 13729832k(7860k free)

vm_info: Java HotSpot(TM) 64-Bit Server VM (25.131-b11) for windows-amd64 JRE (1.8.0_131-b11), built on Mar 15 2017 01:23:53 by "java_re" with MS VC++ 10.0 (VS2010)

time: Fri Oct 25 00:53:09 2019
elapsed time: 16 seconds (0d 0h 0m 16s)

